

> @zetamonopro/supabase@1.0.0 build /workspaces/zeta-monopro/packages/supabase
> tsup src/index.ts src/client.ts src/server.ts src/admin.ts src/types.ts --dts --format esm,cjs --clean

[34mCLI[39m Building entry: src/index.ts, src/client.ts, src/server.ts, src/admin.ts, src/types.ts
[34mCLI[39m Using tsconfig: tsconfig.json
[34mCLI[39m tsup v6.7.0
[34mCLI[39m Using tsup config: /workspaces/zeta-monopro/packages/supabase/tsup.config.ts
[34mCLI[39m Target: es2020
[34mCLI[39m Cleaning output folder
[34mESM[39m Build start
[34mCJS[39m Build start
[32mCJS[39m [1mdist/client.js [22m[32m1.18 KB[39m
[32mCJS[39m [1mdist/server.js [22m[32m203.75 KB[39m
[32mCJS[39m [1mdist/admin.js  [22m[32m1.56 KB[39m
[32mCJS[39m [1mdist/types.js  [22m[32m758.00 B[39m
[32mCJS[39m [1mdist/index.js  [22m[32m204.54 KB[39m
[32mCJS[39m ⚡️ Build success in 412ms
[32mESM[39m [1mdist/types.mjs  [22m[32m0 B[39m
[32mESM[39m [1mdist/index.mjs  [22m[32m203.89 KB[39m
[32mESM[39m [1mdist/client.mjs [22m[32m172.00 B[39m
[32mESM[39m [1mdist/server.mjs [22m[32m203.23 KB[39m
[32mESM[39m [1mdist/admin.mjs  [22m[32m566.00 B[39m
[32mESM[39m ⚡️ Build success in 423ms
[34mDTS[39m Build start
[32mDTS[39m ⚡️ Build success in 21964ms
[32mDTS[39m [1mdist/index.d.ts  [22m[32m231.00 B[39m
[32mDTS[39m [1mdist/client.d.ts [22m[32m240.00 B[39m
[32mDTS[39m [1mdist/server.d.ts [22m[32m327.00 B[39m
[32mDTS[39m [1mdist/admin.d.ts  [22m[32m307.00 B[39m
[32mDTS[39m [1mdist/types.d.ts  [22m[32m629.00 B[39m
